<?xml version="1.0" encoding="UTF-8"?>
<!-- Generated by org.testng.reporters.JUnitReportReporter -->
<testsuite name="AVL_Tree.BtreeTest" tests="66" time="14.973" ignored="0" failures="7" timestamp="09 бер. 2017 11:21:42 GMT" skipped="0" hostname="work_pc" errors="5">
  <testcase name="testAdd_1" time="0.002" classname="AVL_Tree.BtreeTest"/>
  <testcase name="testToString_Many" time="0.003" classname="AVL_Tree.BtreeTest"/>
  <testcase name="testToString_1" time="0.002" classname="AVL_Tree.BtreeTest"/>
  <testcase name="testToArray_Null" time="0.001" classname="AVL_Tree.BtreeTest"/>
  <testcase name="testSize_0" time="0.002" classname="AVL_Tree.BtreeTest"/>
  <testcase name="test_del_isR_not_Chaild" time="0.767" classname="AVL_Tree.BtreeTest">
    <error type="java.lang.NullPointerException">
      <![CDATA[java.lang.NullPointerException
	at AVL_Tree.AVLTree.DellNode(AVLTree.java:280)
	at AVL_Tree.AVLTree.DellNode(AVLTree.java:283)
	at AVL_Tree.AVLTree.DellNode(AVLTree.java:283)
	at AVL_Tree.AVLTree.del(AVLTree.java:427)
	at AVL_Tree.BtreeTest.test_del_isR_not_Chaild(BtreeTest.java:543)
	at sun.reflect.NativeMethodAccessorImpl.invoke0(Native Method)
	at sun.reflect.NativeMethodAccessorImpl.invoke(Unknown Source)
	at sun.reflect.DelegatingMethodAccessorImpl.invoke(Unknown Source)
	at java.lang.reflect.Method.invoke(Unknown Source)
	at org.testng.internal.MethodInvocationHelper.invokeMethod(MethodInvocationHelper.java:104)
	at org.testng.internal.Invoker.invokeMethod(Invoker.java:645)
	at org.testng.internal.Invoker.invokeTestMethod(Invoker.java:851)
	at org.testng.internal.Invoker.invokeTestMethods(Invoker.java:1177)
	at org.testng.internal.TestMethodWorker.invokeTestMethods(TestMethodWorker.java:129)
	at org.testng.internal.TestMethodWorker.run(TestMethodWorker.java:112)
	at org.testng.TestRunner.privateRun(TestRunner.java:756)
	at org.testng.TestRunner.run(TestRunner.java:610)
	at org.testng.SuiteRunner.runTest(SuiteRunner.java:387)
	at org.testng.SuiteRunner.runSequentially(SuiteRunner.java:382)
	at org.testng.SuiteRunner.privateRun(SuiteRunner.java:340)
	at org.testng.SuiteRunner.run(SuiteRunner.java:289)
	at org.testng.SuiteRunnerWorker.runSuite(SuiteRunnerWorker.java:52)
	at org.testng.SuiteRunnerWorker.run(SuiteRunnerWorker.java:86)
	at org.testng.TestNG.runSuitesSequentially(TestNG.java:1293)
	at org.testng.TestNG.runSuitesLocally(TestNG.java:1218)
	at org.testng.TestNG.runSuites(TestNG.java:1133)
	at org.testng.TestNG.run(TestNG.java:1104)
	at org.testng.remote.AbstractRemoteTestNG.run(AbstractRemoteTestNG.java:132)
	at org.testng.remote.RemoteTestNG.initAndRun(RemoteTestNG.java:236)
	at org.testng.remote.RemoteTestNG.main(RemoteTestNG.java:81)
]]>
    </error>
  </testcase> <!-- test_del_isR_not_Chaild -->
  <testcase name="testCountLeafs_Null" time="0.001" classname="AVL_Tree.BtreeTest"/>
  <testcase name="test_del_many2" time="0.560" classname="AVL_Tree.BtreeTest">
    <error type="java.lang.NullPointerException">
      <![CDATA[java.lang.NullPointerException
	at AVL_Tree.AVLTree.DellNode(AVLTree.java:280)
	at AVL_Tree.AVLTree.DellNode(AVLTree.java:289)
	at AVL_Tree.AVLTree.del(AVLTree.java:427)
	at AVL_Tree.BtreeTest.test_del_many2(BtreeTest.java:593)
	at sun.reflect.NativeMethodAccessorImpl.invoke0(Native Method)
	at sun.reflect.NativeMethodAccessorImpl.invoke(Unknown Source)
	at sun.reflect.DelegatingMethodAccessorImpl.invoke(Unknown Source)
	at java.lang.reflect.Method.invoke(Unknown Source)
	at org.testng.internal.MethodInvocationHelper.invokeMethod(MethodInvocationHelper.java:104)
	at org.testng.internal.Invoker.invokeMethod(Invoker.java:645)
	at org.testng.internal.Invoker.invokeTestMethod(Invoker.java:851)
	at org.testng.internal.Invoker.invokeTestMethods(Invoker.java:1177)
	at org.testng.internal.TestMethodWorker.invokeTestMethods(TestMethodWorker.java:129)
	at org.testng.internal.TestMethodWorker.run(TestMethodWorker.java:112)
	at org.testng.TestRunner.privateRun(TestRunner.java:756)
	at org.testng.TestRunner.run(TestRunner.java:610)
	at org.testng.SuiteRunner.runTest(SuiteRunner.java:387)
	at org.testng.SuiteRunner.runSequentially(SuiteRunner.java:382)
	at org.testng.SuiteRunner.privateRun(SuiteRunner.java:340)
	at org.testng.SuiteRunner.run(SuiteRunner.java:289)
	at org.testng.SuiteRunnerWorker.runSuite(SuiteRunnerWorker.java:52)
	at org.testng.SuiteRunnerWorker.run(SuiteRunnerWorker.java:86)
	at org.testng.TestNG.runSuitesSequentially(TestNG.java:1293)
	at org.testng.TestNG.runSuitesLocally(TestNG.java:1218)
	at org.testng.TestNG.runSuites(TestNG.java:1133)
	at org.testng.TestNG.run(TestNG.java:1104)
	at org.testng.remote.AbstractRemoteTestNG.run(AbstractRemoteTestNG.java:132)
	at org.testng.remote.RemoteTestNG.initAndRun(RemoteTestNG.java:236)
	at org.testng.remote.RemoteTestNG.main(RemoteTestNG.java:81)
]]>
    </error>
  </testcase> <!-- test_del_many2 -->
  <testcase name="testWidth_2" time="0.003" classname="AVL_Tree.BtreeTest"/>
  <testcase name="testHeigth_Null" time="0.001" classname="AVL_Tree.BtreeTest"/>
  <testcase name="testCountNodes_2l" time="0.003" classname="AVL_Tree.BtreeTest"/>
  <testcase name="testToString_2" time="0.001" classname="AVL_Tree.BtreeTest"/>
  <testcase name="test_del_L_nullL_end_1R_end" time="0.003" classname="AVL_Tree.BtreeTest"/>
  <testcase name="testInit_0" time="0.003" classname="AVL_Tree.BtreeTest"/>
  <testcase name="test_del_root" time="0.002" classname="AVL_Tree.BtreeTest"/>
  <testcase name="testSize_2" time="0.001" classname="AVL_Tree.BtreeTest"/>
  <testcase name="testHeigth_1" time="0.001" classname="AVL_Tree.BtreeTest"/>
  <testcase name="test_del_L_nullR_end_1L_end" time="0.005" classname="AVL_Tree.BtreeTest"/>
  <testcase name="testCountNodes_0" time="0.002" classname="AVL_Tree.BtreeTest"/>
  <testcase name="testCountLeafs_1" time="0.007" classname="AVL_Tree.BtreeTest"/>
  <testcase name="testWidth_many" time="0.002" classname="AVL_Tree.BtreeTest"/>
  <testcase name="test_del_root_1R" time="0.002" classname="AVL_Tree.BtreeTest"/>
  <testcase name="test_del_isR_is_Chaild" time="1.067" classname="AVL_Tree.BtreeTest">
    <error type="java.lang.NullPointerException">
      <![CDATA[java.lang.NullPointerException
	at AVL_Tree.AVLTree.DellNode(AVLTree.java:280)
	at AVL_Tree.AVLTree.DellNode(AVLTree.java:289)
	at AVL_Tree.AVLTree.DellNode(AVLTree.java:283)
	at AVL_Tree.AVLTree.DellNode(AVLTree.java:283)
	at AVL_Tree.AVLTree.del(AVLTree.java:427)
	at AVL_Tree.BtreeTest.test_del_isR_is_Chaild(BtreeTest.java:553)
	at sun.reflect.NativeMethodAccessorImpl.invoke0(Native Method)
	at sun.reflect.NativeMethodAccessorImpl.invoke(Unknown Source)
	at sun.reflect.DelegatingMethodAccessorImpl.invoke(Unknown Source)
	at java.lang.reflect.Method.invoke(Unknown Source)
	at org.testng.internal.MethodInvocationHelper.invokeMethod(MethodInvocationHelper.java:104)
	at org.testng.internal.Invoker.invokeMethod(Invoker.java:645)
	at org.testng.internal.Invoker.invokeTestMethod(Invoker.java:851)
	at org.testng.internal.Invoker.invokeTestMethods(Invoker.java:1177)
	at org.testng.internal.TestMethodWorker.invokeTestMethods(TestMethodWorker.java:129)
	at org.testng.internal.TestMethodWorker.run(TestMethodWorker.java:112)
	at org.testng.TestRunner.privateRun(TestRunner.java:756)
	at org.testng.TestRunner.run(TestRunner.java:610)
	at org.testng.SuiteRunner.runTest(SuiteRunner.java:387)
	at org.testng.SuiteRunner.runSequentially(SuiteRunner.java:382)
	at org.testng.SuiteRunner.privateRun(SuiteRunner.java:340)
	at org.testng.SuiteRunner.run(SuiteRunner.java:289)
	at org.testng.SuiteRunnerWorker.runSuite(SuiteRunnerWorker.java:52)
	at org.testng.SuiteRunnerWorker.run(SuiteRunnerWorker.java:86)
	at org.testng.TestNG.runSuitesSequentially(TestNG.java:1293)
	at org.testng.TestNG.runSuitesLocally(TestNG.java:1218)
	at org.testng.TestNG.runSuites(TestNG.java:1133)
	at org.testng.TestNG.run(TestNG.java:1104)
	at org.testng.remote.AbstractRemoteTestNG.run(AbstractRemoteTestNG.java:132)
	at org.testng.remote.RemoteTestNG.initAndRun(RemoteTestNG.java:236)
	at org.testng.remote.RemoteTestNG.main(RemoteTestNG.java:81)
]]>
    </error>
  </testcase> <!-- test_del_isR_is_Chaild -->
  <testcase name="testCountLeavs_Many" time="0.004" classname="AVL_Tree.BtreeTest"/>
  <testcase name="testToString_Null" time="0.001" classname="AVL_Tree.BtreeTest"/>
  <testcase name="testHeigth_many" time="0.002" classname="AVL_Tree.BtreeTest"/>
  <testcase name="testAdd_0" time="0.042" classname="AVL_Tree.BtreeTest"/>
  <testcase name="test_del_empty" time="0.001" classname="AVL_Tree.BtreeTest"/>
  <testcase name="testToArray_1" time="0.001" classname="AVL_Tree.BtreeTest"/>
  <testcase name="test_del_L_nullR_end_nullL_end" time="0.001" classname="AVL_Tree.BtreeTest"/>
  <testcase name="test_del_root_manyR_manyl_not_Rnode" time="0.001" classname="AVL_Tree.BtreeTest"/>
  <testcase name="testInit_2" time="0.003" classname="AVL_Tree.BtreeTest"/>
  <testcase name="testInit_Many" time="0.011" classname="AVL_Tree.BtreeTest"/>
  <testcase name="test_del_root_isR_not_Chaild" time="0.004" classname="AVL_Tree.BtreeTest">
    <failure type="java.lang.AssertionError" message="array lengths differed, expected.length=11 actual.length=5">
      <![CDATA[java.lang.AssertionError: array lengths differed, expected.length=11 actual.length=5
	at org.testng.AssertJUnit.fail(AssertJUnit.java:59)
	at org.testng.internal.junit.ComparisonCriteria.assertArraysAreSameLength(ComparisonCriteria.java:70)
	at org.testng.internal.junit.ComparisonCriteria.arrayEquals(ComparisonCriteria.java:34)
	at org.testng.internal.junit.ArrayAsserts.internalArrayEquals(ArrayAsserts.java:279)
	at org.testng.internal.junit.ArrayAsserts.assertArrayEquals(ArrayAsserts.java:155)
	at org.testng.internal.junit.ArrayAsserts.assertArrayEquals(ArrayAsserts.java:168)
	at AVL_Tree.BtreeTest.test_del_root_isR_not_Chaild(BtreeTest.java:496)
	at sun.reflect.NativeMethodAccessorImpl.invoke0(Native Method)
	at sun.reflect.NativeMethodAccessorImpl.invoke(Unknown Source)
	at sun.reflect.DelegatingMethodAccessorImpl.invoke(Unknown Source)
	at java.lang.reflect.Method.invoke(Unknown Source)
	at org.testng.internal.MethodInvocationHelper.invokeMethod(MethodInvocationHelper.java:104)
	at org.testng.internal.Invoker.invokeMethod(Invoker.java:645)
	at org.testng.internal.Invoker.invokeTestMethod(Invoker.java:851)
	at org.testng.internal.Invoker.invokeTestMethods(Invoker.java:1177)
	at org.testng.internal.TestMethodWorker.invokeTestMethods(TestMethodWorker.java:129)
	at org.testng.internal.TestMethodWorker.run(TestMethodWorker.java:112)
	at org.testng.TestRunner.privateRun(TestRunner.java:756)
	at org.testng.TestRunner.run(TestRunner.java:610)
	at org.testng.SuiteRunner.runTest(SuiteRunner.java:387)
	at org.testng.SuiteRunner.runSequentially(SuiteRunner.java:382)
	at org.testng.SuiteRunner.privateRun(SuiteRunner.java:340)
	at org.testng.SuiteRunner.run(SuiteRunner.java:289)
	at org.testng.SuiteRunnerWorker.runSuite(SuiteRunnerWorker.java:52)
	at org.testng.SuiteRunnerWorker.run(SuiteRunnerWorker.java:86)
	at org.testng.TestNG.runSuitesSequentially(TestNG.java:1293)
	at org.testng.TestNG.runSuitesLocally(TestNG.java:1218)
	at org.testng.TestNG.runSuites(TestNG.java:1133)
	at org.testng.TestNG.run(TestNG.java:1104)
	at org.testng.remote.AbstractRemoteTestNG.run(AbstractRemoteTestNG.java:132)
	at org.testng.remote.RemoteTestNG.initAndRun(RemoteTestNG.java:236)
	at org.testng.remote.RemoteTestNG.main(RemoteTestNG.java:81)
]]>
    </failure>
  </testcase> <!-- test_del_root_isR_not_Chaild -->
  <testcase name="testCountLeavs_2r" time="0.005" classname="AVL_Tree.BtreeTest"/>
  <testcase name="testSize_null" time="0.001" classname="AVL_Tree.BtreeTest"/>
  <testcase name="testWidth_0" time="0.005" classname="AVL_Tree.BtreeTest"/>
  <testcase name="test_del_R_nullR_end_nullL_end" time="0.001" classname="AVL_Tree.BtreeTest"/>
  <testcase name="testWidth_Null" time="0.002" classname="AVL_Tree.BtreeTest"/>
  <testcase name="test_del_root_nullR_manyl" time="0.004" classname="AVL_Tree.BtreeTest">
    <failure type="java.lang.AssertionError" message="array lengths differed, expected.length=6 actual.length=0">
      <![CDATA[java.lang.AssertionError: array lengths differed, expected.length=6 actual.length=0
	at org.testng.AssertJUnit.fail(AssertJUnit.java:59)
	at org.testng.internal.junit.ComparisonCriteria.assertArraysAreSameLength(ComparisonCriteria.java:70)
	at org.testng.internal.junit.ComparisonCriteria.arrayEquals(ComparisonCriteria.java:34)
	at org.testng.internal.junit.ArrayAsserts.internalArrayEquals(ArrayAsserts.java:279)
	at org.testng.internal.junit.ArrayAsserts.assertArrayEquals(ArrayAsserts.java:155)
	at org.testng.internal.junit.ArrayAsserts.assertArrayEquals(ArrayAsserts.java:168)
	at AVL_Tree.BtreeTest.test_del_root_nullR_manyl(BtreeTest.java:466)
	at sun.reflect.NativeMethodAccessorImpl.invoke0(Native Method)
	at sun.reflect.NativeMethodAccessorImpl.invoke(Unknown Source)
	at sun.reflect.DelegatingMethodAccessorImpl.invoke(Unknown Source)
	at java.lang.reflect.Method.invoke(Unknown Source)
	at org.testng.internal.MethodInvocationHelper.invokeMethod(MethodInvocationHelper.java:104)
	at org.testng.internal.Invoker.invokeMethod(Invoker.java:645)
	at org.testng.internal.Invoker.invokeTestMethod(Invoker.java:851)
	at org.testng.internal.Invoker.invokeTestMethods(Invoker.java:1177)
	at org.testng.internal.TestMethodWorker.invokeTestMethods(TestMethodWorker.java:129)
	at org.testng.internal.TestMethodWorker.run(TestMethodWorker.java:112)
	at org.testng.TestRunner.privateRun(TestRunner.java:756)
	at org.testng.TestRunner.run(TestRunner.java:610)
	at org.testng.SuiteRunner.runTest(SuiteRunner.java:387)
	at org.testng.SuiteRunner.runSequentially(SuiteRunner.java:382)
	at org.testng.SuiteRunner.privateRun(SuiteRunner.java:340)
	at org.testng.SuiteRunner.run(SuiteRunner.java:289)
	at org.testng.SuiteRunnerWorker.runSuite(SuiteRunnerWorker.java:52)
	at org.testng.SuiteRunnerWorker.run(SuiteRunnerWorker.java:86)
	at org.testng.TestNG.runSuitesSequentially(TestNG.java:1293)
	at org.testng.TestNG.runSuitesLocally(TestNG.java:1218)
	at org.testng.TestNG.runSuites(TestNG.java:1133)
	at org.testng.TestNG.run(TestNG.java:1104)
	at org.testng.remote.AbstractRemoteTestNG.run(AbstractRemoteTestNG.java:132)
	at org.testng.remote.RemoteTestNG.initAndRun(RemoteTestNG.java:236)
	at org.testng.remote.RemoteTestNG.main(RemoteTestNG.java:81)
]]>
    </failure>
  </testcase> <!-- test_del_root_nullR_manyl -->
  <testcase name="testHeigth_2" time="0.004" classname="AVL_Tree.BtreeTest"/>
  <testcase name="test_del_40_isR_not_Chaild" time="6.567" classname="AVL_Tree.BtreeTest">
    <error type="java.lang.NullPointerException">
      <![CDATA[java.lang.NullPointerException
	at AVL_Tree.AVLTree.DellNode(AVLTree.java:280)
	at AVL_Tree.AVLTree.DellNode(AVLTree.java:289)
	at AVL_Tree.AVLTree.DellNode(AVLTree.java:289)
	at AVL_Tree.AVLTree.DellNode(AVLTree.java:289)
	at AVL_Tree.AVLTree.del(AVLTree.java:427)
	at AVL_Tree.BtreeTest.test_del_40_isR_not_Chaild(BtreeTest.java:563)
	at sun.reflect.NativeMethodAccessorImpl.invoke0(Native Method)
	at sun.reflect.NativeMethodAccessorImpl.invoke(Unknown Source)
	at sun.reflect.DelegatingMethodAccessorImpl.invoke(Unknown Source)
	at java.lang.reflect.Method.invoke(Unknown Source)
	at org.testng.internal.MethodInvocationHelper.invokeMethod(MethodInvocationHelper.java:104)
	at org.testng.internal.Invoker.invokeMethod(Invoker.java:645)
	at org.testng.internal.Invoker.invokeTestMethod(Invoker.java:851)
	at org.testng.internal.Invoker.invokeTestMethods(Invoker.java:1177)
	at org.testng.internal.TestMethodWorker.invokeTestMethods(TestMethodWorker.java:129)
	at org.testng.internal.TestMethodWorker.run(TestMethodWorker.java:112)
	at org.testng.TestRunner.privateRun(TestRunner.java:756)
	at org.testng.TestRunner.run(TestRunner.java:610)
	at org.testng.SuiteRunner.runTest(SuiteRunner.java:387)
	at org.testng.SuiteRunner.runSequentially(SuiteRunner.java:382)
	at org.testng.SuiteRunner.privateRun(SuiteRunner.java:340)
	at org.testng.SuiteRunner.run(SuiteRunner.java:289)
	at org.testng.SuiteRunnerWorker.runSuite(SuiteRunnerWorker.java:52)
	at org.testng.SuiteRunnerWorker.run(SuiteRunnerWorker.java:86)
	at org.testng.TestNG.runSuitesSequentially(TestNG.java:1293)
	at org.testng.TestNG.runSuitesLocally(TestNG.java:1218)
	at org.testng.TestNG.runSuites(TestNG.java:1133)
	at org.testng.TestNG.run(TestNG.java:1104)
	at org.testng.remote.AbstractRemoteTestNG.run(AbstractRemoteTestNG.java:132)
	at org.testng.remote.RemoteTestNG.initAndRun(RemoteTestNG.java:236)
	at org.testng.remote.RemoteTestNG.main(RemoteTestNG.java:81)
]]>
    </error>
  </testcase> <!-- test_del_40_isR_not_Chaild -->
  <testcase name="testCountNodes_2r" time="0.003" classname="AVL_Tree.BtreeTest"/>
  <testcase name="testToArray_0" time="0.003" classname="AVL_Tree.BtreeTest"/>
  <testcase name="testCountNodes_Null" time="0.002" classname="AVL_Tree.BtreeTest"/>
  <testcase name="testCountLeafs_0" time="0.002" classname="AVL_Tree.BtreeTest"/>
  <testcase name="test_del_root_1L_1R" time="0.002" classname="AVL_Tree.BtreeTest"/>
  <testcase name="test_del_root_nullL_manyR" time="0.003" classname="AVL_Tree.BtreeTest">
    <failure type="java.lang.AssertionError" message="array lengths differed, expected.length=6 actual.length=0">
      <![CDATA[java.lang.AssertionError: array lengths differed, expected.length=6 actual.length=0
	at org.testng.AssertJUnit.fail(AssertJUnit.java:59)
	at org.testng.internal.junit.ComparisonCriteria.assertArraysAreSameLength(ComparisonCriteria.java:70)
	at org.testng.internal.junit.ComparisonCriteria.arrayEquals(ComparisonCriteria.java:34)
	at org.testng.internal.junit.ArrayAsserts.internalArrayEquals(ArrayAsserts.java:279)
	at org.testng.internal.junit.ArrayAsserts.assertArrayEquals(ArrayAsserts.java:155)
	at org.testng.internal.junit.ArrayAsserts.assertArrayEquals(ArrayAsserts.java:168)
	at AVL_Tree.BtreeTest.test_del_root_nullL_manyR(BtreeTest.java:456)
	at sun.reflect.NativeMethodAccessorImpl.invoke0(Native Method)
	at sun.reflect.NativeMethodAccessorImpl.invoke(Unknown Source)
	at sun.reflect.DelegatingMethodAccessorImpl.invoke(Unknown Source)
	at java.lang.reflect.Method.invoke(Unknown Source)
	at org.testng.internal.MethodInvocationHelper.invokeMethod(MethodInvocationHelper.java:104)
	at org.testng.internal.Invoker.invokeMethod(Invoker.java:645)
	at org.testng.internal.Invoker.invokeTestMethod(Invoker.java:851)
	at org.testng.internal.Invoker.invokeTestMethods(Invoker.java:1177)
	at org.testng.internal.TestMethodWorker.invokeTestMethods(TestMethodWorker.java:129)
	at org.testng.internal.TestMethodWorker.run(TestMethodWorker.java:112)
	at org.testng.TestRunner.privateRun(TestRunner.java:756)
	at org.testng.TestRunner.run(TestRunner.java:610)
	at org.testng.SuiteRunner.runTest(SuiteRunner.java:387)
	at org.testng.SuiteRunner.runSequentially(SuiteRunner.java:382)
	at org.testng.SuiteRunner.privateRun(SuiteRunner.java:340)
	at org.testng.SuiteRunner.run(SuiteRunner.java:289)
	at org.testng.SuiteRunnerWorker.runSuite(SuiteRunnerWorker.java:52)
	at org.testng.SuiteRunnerWorker.run(SuiteRunnerWorker.java:86)
	at org.testng.TestNG.runSuitesSequentially(TestNG.java:1293)
	at org.testng.TestNG.runSuitesLocally(TestNG.java:1218)
	at org.testng.TestNG.runSuites(TestNG.java:1133)
	at org.testng.TestNG.run(TestNG.java:1104)
	at org.testng.remote.AbstractRemoteTestNG.run(AbstractRemoteTestNG.java:132)
	at org.testng.remote.RemoteTestNG.initAndRun(RemoteTestNG.java:236)
	at org.testng.remote.RemoteTestNG.main(RemoteTestNG.java:81)
]]>
    </failure>
  </testcase> <!-- test_del_root_nullL_manyR -->
  <testcase name="testInit_Null" time="0.002" classname="AVL_Tree.BtreeTest"/>
  <testcase name="testCountNodes_1" time="0.002" classname="AVL_Tree.BtreeTest"/>
  <testcase name="test_del_root_1L" time="0.002" classname="AVL_Tree.BtreeTest"/>
  <testcase name="testSize_Many" time="0.003" classname="AVL_Tree.BtreeTest"/>
  <testcase name="test_del_40_isR_is_Chaild" time="5.775" classname="AVL_Tree.BtreeTest">
    <error type="java.lang.NullPointerException">
      <![CDATA[java.lang.NullPointerException
	at AVL_Tree.AVLTree.DellNode(AVLTree.java:280)
	at AVL_Tree.AVLTree.DellNode(AVLTree.java:289)
	at AVL_Tree.AVLTree.DellNode(AVLTree.java:289)
	at AVL_Tree.AVLTree.DellNode(AVLTree.java:289)
	at AVL_Tree.AVLTree.del(AVLTree.java:427)
	at AVL_Tree.BtreeTest.test_del_40_isR_is_Chaild(BtreeTest.java:573)
	at sun.reflect.NativeMethodAccessorImpl.invoke0(Native Method)
	at sun.reflect.NativeMethodAccessorImpl.invoke(Unknown Source)
	at sun.reflect.DelegatingMethodAccessorImpl.invoke(Unknown Source)
	at java.lang.reflect.Method.invoke(Unknown Source)
	at org.testng.internal.MethodInvocationHelper.invokeMethod(MethodInvocationHelper.java:104)
	at org.testng.internal.Invoker.invokeMethod(Invoker.java:645)
	at org.testng.internal.Invoker.invokeTestMethod(Invoker.java:851)
	at org.testng.internal.Invoker.invokeTestMethods(Invoker.java:1177)
	at org.testng.internal.TestMethodWorker.invokeTestMethods(TestMethodWorker.java:129)
	at org.testng.internal.TestMethodWorker.run(TestMethodWorker.java:112)
	at org.testng.TestRunner.privateRun(TestRunner.java:756)
	at org.testng.TestRunner.run(TestRunner.java:610)
	at org.testng.SuiteRunner.runTest(SuiteRunner.java:387)
	at org.testng.SuiteRunner.runSequentially(SuiteRunner.java:382)
	at org.testng.SuiteRunner.privateRun(SuiteRunner.java:340)
	at org.testng.SuiteRunner.run(SuiteRunner.java:289)
	at org.testng.SuiteRunnerWorker.runSuite(SuiteRunnerWorker.java:52)
	at org.testng.SuiteRunnerWorker.run(SuiteRunnerWorker.java:86)
	at org.testng.TestNG.runSuitesSequentially(TestNG.java:1293)
	at org.testng.TestNG.runSuitesLocally(TestNG.java:1218)
	at org.testng.TestNG.runSuites(TestNG.java:1133)
	at org.testng.TestNG.run(TestNG.java:1104)
	at org.testng.remote.AbstractRemoteTestNG.run(AbstractRemoteTestNG.java:132)
	at org.testng.remote.RemoteTestNG.initAndRun(RemoteTestNG.java:236)
	at org.testng.remote.RemoteTestNG.main(RemoteTestNG.java:81)
]]>
    </error>
  </testcase> <!-- test_del_40_isR_is_Chaild -->
  <testcase name="testHeigth_0" time="0.006" classname="AVL_Tree.BtreeTest"/>
  <testcase name="testAdd_2" time="0.020" classname="AVL_Tree.BtreeTest">
    <failure type="java.lang.AssertionError" message="array lengths differed, expected.length=3 actual.length=1">
      <![CDATA[java.lang.AssertionError: array lengths differed, expected.length=3 actual.length=1
	at org.testng.AssertJUnit.fail(AssertJUnit.java:59)
	at org.testng.internal.junit.ComparisonCriteria.assertArraysAreSameLength(ComparisonCriteria.java:70)
	at org.testng.internal.junit.ComparisonCriteria.arrayEquals(ComparisonCriteria.java:34)
	at org.testng.internal.junit.ArrayAsserts.internalArrayEquals(ArrayAsserts.java:279)
	at org.testng.internal.junit.ArrayAsserts.assertArrayEquals(ArrayAsserts.java:155)
	at org.testng.internal.junit.ArrayAsserts.assertArrayEquals(ArrayAsserts.java:168)
	at AVL_Tree.BtreeTest.testAdd_2(BtreeTest.java:87)
	at sun.reflect.NativeMethodAccessorImpl.invoke0(Native Method)
	at sun.reflect.NativeMethodAccessorImpl.invoke(Unknown Source)
	at sun.reflect.DelegatingMethodAccessorImpl.invoke(Unknown Source)
	at java.lang.reflect.Method.invoke(Unknown Source)
	at org.testng.internal.MethodInvocationHelper.invokeMethod(MethodInvocationHelper.java:104)
	at org.testng.internal.Invoker.invokeMethod(Invoker.java:645)
	at org.testng.internal.Invoker.invokeTestMethod(Invoker.java:851)
	at org.testng.internal.Invoker.invokeTestMethods(Invoker.java:1177)
	at org.testng.internal.TestMethodWorker.invokeTestMethods(TestMethodWorker.java:129)
	at org.testng.internal.TestMethodWorker.run(TestMethodWorker.java:112)
	at org.testng.TestRunner.privateRun(TestRunner.java:756)
	at org.testng.TestRunner.run(TestRunner.java:610)
	at org.testng.SuiteRunner.runTest(SuiteRunner.java:387)
	at org.testng.SuiteRunner.runSequentially(SuiteRunner.java:382)
	at org.testng.SuiteRunner.privateRun(SuiteRunner.java:340)
	at org.testng.SuiteRunner.run(SuiteRunner.java:289)
	at org.testng.SuiteRunnerWorker.runSuite(SuiteRunnerWorker.java:52)
	at org.testng.SuiteRunnerWorker.run(SuiteRunnerWorker.java:86)
	at org.testng.TestNG.runSuitesSequentially(TestNG.java:1293)
	at org.testng.TestNG.runSuitesLocally(TestNG.java:1218)
	at org.testng.TestNG.runSuites(TestNG.java:1133)
	at org.testng.TestNG.run(TestNG.java:1104)
	at org.testng.remote.AbstractRemoteTestNG.run(AbstractRemoteTestNG.java:132)
	at org.testng.remote.RemoteTestNG.initAndRun(RemoteTestNG.java:236)
	at org.testng.remote.RemoteTestNG.main(RemoteTestNG.java:81)
]]>
    </failure>
  </testcase> <!-- testAdd_2 -->
  <testcase name="testToString_0" time="0.012" classname="AVL_Tree.BtreeTest"/>
  <testcase name="testWidth_1" time="0.001" classname="AVL_Tree.BtreeTest"/>
  <testcase name="testSize_1" time="0.001" classname="AVL_Tree.BtreeTest"/>
  <testcase name="testToArray_2" time="0.002" classname="AVL_Tree.BtreeTest"/>
  <testcase name="test_del_many1" time="0.006" classname="AVL_Tree.BtreeTest">
    <failure type="java.lang.AssertionError" message="array lengths differed, expected.length=13 actual.length=5">
      <![CDATA[java.lang.AssertionError: array lengths differed, expected.length=13 actual.length=5
	at org.testng.AssertJUnit.fail(AssertJUnit.java:59)
	at org.testng.internal.junit.ComparisonCriteria.assertArraysAreSameLength(ComparisonCriteria.java:70)
	at org.testng.internal.junit.ComparisonCriteria.arrayEquals(ComparisonCriteria.java:34)
	at org.testng.internal.junit.ArrayAsserts.internalArrayEquals(ArrayAsserts.java:279)
	at org.testng.internal.junit.ArrayAsserts.assertArrayEquals(ArrayAsserts.java:155)
	at org.testng.internal.junit.ArrayAsserts.assertArrayEquals(ArrayAsserts.java:168)
	at AVL_Tree.BtreeTest.test_del_many1(BtreeTest.java:586)
	at sun.reflect.NativeMethodAccessorImpl.invoke0(Native Method)
	at sun.reflect.NativeMethodAccessorImpl.invoke(Unknown Source)
	at sun.reflect.DelegatingMethodAccessorImpl.invoke(Unknown Source)
	at java.lang.reflect.Method.invoke(Unknown Source)
	at org.testng.internal.MethodInvocationHelper.invokeMethod(MethodInvocationHelper.java:104)
	at org.testng.internal.Invoker.invokeMethod(Invoker.java:645)
	at org.testng.internal.Invoker.invokeTestMethod(Invoker.java:851)
	at org.testng.internal.Invoker.invokeTestMethods(Invoker.java:1177)
	at org.testng.internal.TestMethodWorker.invokeTestMethods(TestMethodWorker.java:129)
	at org.testng.internal.TestMethodWorker.run(TestMethodWorker.java:112)
	at org.testng.TestRunner.privateRun(TestRunner.java:756)
	at org.testng.TestRunner.run(TestRunner.java:610)
	at org.testng.SuiteRunner.runTest(SuiteRunner.java:387)
	at org.testng.SuiteRunner.runSequentially(SuiteRunner.java:382)
	at org.testng.SuiteRunner.privateRun(SuiteRunner.java:340)
	at org.testng.SuiteRunner.run(SuiteRunner.java:289)
	at org.testng.SuiteRunnerWorker.runSuite(SuiteRunnerWorker.java:52)
	at org.testng.SuiteRunnerWorker.run(SuiteRunnerWorker.java:86)
	at org.testng.TestNG.runSuitesSequentially(TestNG.java:1293)
	at org.testng.TestNG.runSuitesLocally(TestNG.java:1218)
	at org.testng.TestNG.runSuites(TestNG.java:1133)
	at org.testng.TestNG.run(TestNG.java:1104)
	at org.testng.remote.AbstractRemoteTestNG.run(AbstractRemoteTestNG.java:132)
	at org.testng.remote.RemoteTestNG.initAndRun(RemoteTestNG.java:236)
	at org.testng.remote.RemoteTestNG.main(RemoteTestNG.java:81)
]]>
    </failure>
  </testcase> <!-- test_del_many1 -->
  <testcase name="testCountLeafs_2l" time="0.002" classname="AVL_Tree.BtreeTest"/>
  <testcase name="testCountNodes_Many" time="0.003" classname="AVL_Tree.BtreeTest"/>
  <testcase name="testAdd_Many" time="0.006" classname="AVL_Tree.BtreeTest">
    <failure type="java.lang.AssertionError" message="array lengths differed, expected.length=6 actual.length=4">
      <![CDATA[java.lang.AssertionError: array lengths differed, expected.length=6 actual.length=4
	at org.testng.AssertJUnit.fail(AssertJUnit.java:59)
	at org.testng.internal.junit.ComparisonCriteria.assertArraysAreSameLength(ComparisonCriteria.java:70)
	at org.testng.internal.junit.ComparisonCriteria.arrayEquals(ComparisonCriteria.java:34)
	at org.testng.internal.junit.ArrayAsserts.internalArrayEquals(ArrayAsserts.java:279)
	at org.testng.internal.junit.ArrayAsserts.assertArrayEquals(ArrayAsserts.java:155)
	at org.testng.internal.junit.ArrayAsserts.assertArrayEquals(ArrayAsserts.java:168)
	at AVL_Tree.BtreeTest.testAdd_Many(BtreeTest.java:99)
	at sun.reflect.NativeMethodAccessorImpl.invoke0(Native Method)
	at sun.reflect.NativeMethodAccessorImpl.invoke(Unknown Source)
	at sun.reflect.DelegatingMethodAccessorImpl.invoke(Unknown Source)
	at java.lang.reflect.Method.invoke(Unknown Source)
	at org.testng.internal.MethodInvocationHelper.invokeMethod(MethodInvocationHelper.java:104)
	at org.testng.internal.Invoker.invokeMethod(Invoker.java:645)
	at org.testng.internal.Invoker.invokeTestMethod(Invoker.java:851)
	at org.testng.internal.Invoker.invokeTestMethods(Invoker.java:1177)
	at org.testng.internal.TestMethodWorker.invokeTestMethods(TestMethodWorker.java:129)
	at org.testng.internal.TestMethodWorker.run(TestMethodWorker.java:112)
	at org.testng.TestRunner.privateRun(TestRunner.java:756)
	at org.testng.TestRunner.run(TestRunner.java:610)
	at org.testng.SuiteRunner.runTest(SuiteRunner.java:387)
	at org.testng.SuiteRunner.runSequentially(SuiteRunner.java:382)
	at org.testng.SuiteRunner.privateRun(SuiteRunner.java:340)
	at org.testng.SuiteRunner.run(SuiteRunner.java:289)
	at org.testng.SuiteRunnerWorker.runSuite(SuiteRunnerWorker.java:52)
	at org.testng.SuiteRunnerWorker.run(SuiteRunnerWorker.java:86)
	at org.testng.TestNG.runSuitesSequentially(TestNG.java:1293)
	at org.testng.TestNG.runSuitesLocally(TestNG.java:1218)
	at org.testng.TestNG.runSuites(TestNG.java:1133)
	at org.testng.TestNG.run(TestNG.java:1104)
	at org.testng.remote.AbstractRemoteTestNG.run(AbstractRemoteTestNG.java:132)
	at org.testng.remote.RemoteTestNG.initAndRun(RemoteTestNG.java:236)
	at org.testng.remote.RemoteTestNG.main(RemoteTestNG.java:81)
]]>
    </failure>
  </testcase> <!-- testAdd_Many -->
  <testcase name="testInit_1" time="0.002" classname="AVL_Tree.BtreeTest"/>
  <testcase name="testToArray_Many" time="0.002" classname="AVL_Tree.BtreeTest"/>
  <testcase name="test_del_root_isR_node_is_Chaild" time="0.010" classname="AVL_Tree.BtreeTest">
    <failure type="java.lang.AssertionError" message="array lengths differed, expected.length=12 actual.length=7">
      <![CDATA[java.lang.AssertionError: array lengths differed, expected.length=12 actual.length=7
	at org.testng.AssertJUnit.fail(AssertJUnit.java:59)
	at org.testng.internal.junit.ComparisonCriteria.assertArraysAreSameLength(ComparisonCriteria.java:70)
	at org.testng.internal.junit.ComparisonCriteria.arrayEquals(ComparisonCriteria.java:34)
	at org.testng.internal.junit.ArrayAsserts.internalArrayEquals(ArrayAsserts.java:279)
	at org.testng.internal.junit.ArrayAsserts.assertArrayEquals(ArrayAsserts.java:155)
	at org.testng.internal.junit.ArrayAsserts.assertArrayEquals(ArrayAsserts.java:168)
	at AVL_Tree.BtreeTest.test_del_root_isR_node_is_Chaild(BtreeTest.java:486)
	at sun.reflect.NativeMethodAccessorImpl.invoke0(Native Method)
	at sun.reflect.NativeMethodAccessorImpl.invoke(Unknown Source)
	at sun.reflect.DelegatingMethodAccessorImpl.invoke(Unknown Source)
	at java.lang.reflect.Method.invoke(Unknown Source)
	at org.testng.internal.MethodInvocationHelper.invokeMethod(MethodInvocationHelper.java:104)
	at org.testng.internal.Invoker.invokeMethod(Invoker.java:645)
	at org.testng.internal.Invoker.invokeTestMethod(Invoker.java:851)
	at org.testng.internal.Invoker.invokeTestMethods(Invoker.java:1177)
	at org.testng.internal.TestMethodWorker.invokeTestMethods(TestMethodWorker.java:129)
	at org.testng.internal.TestMethodWorker.run(TestMethodWorker.java:112)
	at org.testng.TestRunner.privateRun(TestRunner.java:756)
	at org.testng.TestRunner.run(TestRunner.java:610)
	at org.testng.SuiteRunner.runTest(SuiteRunner.java:387)
	at org.testng.SuiteRunner.runSequentially(SuiteRunner.java:382)
	at org.testng.SuiteRunner.privateRun(SuiteRunner.java:340)
	at org.testng.SuiteRunner.run(SuiteRunner.java:289)
	at org.testng.SuiteRunnerWorker.runSuite(SuiteRunnerWorker.java:52)
	at org.testng.SuiteRunnerWorker.run(SuiteRunnerWorker.java:86)
	at org.testng.TestNG.runSuitesSequentially(TestNG.java:1293)
	at org.testng.TestNG.runSuitesLocally(TestNG.java:1218)
	at org.testng.TestNG.runSuites(TestNG.java:1133)
	at org.testng.TestNG.run(TestNG.java:1104)
	at org.testng.remote.AbstractRemoteTestNG.run(AbstractRemoteTestNG.java:132)
	at org.testng.remote.RemoteTestNG.initAndRun(RemoteTestNG.java:236)
	at org.testng.remote.RemoteTestNG.main(RemoteTestNG.java:81)
]]>
    </failure>
  </testcase> <!-- test_del_root_isR_node_is_Chaild -->
</testsuite> <!-- AVL_Tree.BtreeTest -->
